app/build/intermediates/manifest_merge_blame_file/debug/manifest-merger-blame-debug-report.txt
1<?xml version="1.0" encoding="utf-8"?>
2<manifest xmlns:android="http://schemas.android.com/apk/res/android"
3    package="com.queenieeq.mymoney"
4    android:versionCode="103"
5    android:versionName="1.03" >
6
7    <uses-sdk
8        android:minSdkVersion="21"
8-->src/main/AndroidManifest.xml
9        android:targetSdkVersion="29" />
9-->src/main/AndroidManifest.xml
10
11    <!-- Although the *SdkVersion is captured in gradle build files, this is required for non gradle builds -->
12    <!-- <uses-sdk android:minSdkVersion="14"/> -->
13    <uses-permission android:name="android.permission.ACCESS_NETWORK_STATE" />
13-->[com.google.firebase:firebase-database:20.0.5] AndroidManifest.xml:25:5-79
13-->[com.google.firebase:firebase-database:20.0.5] AndroidManifest.xml:25:22-76
14    <uses-permission android:name="android.permission.INTERNET" />
14-->[com.google.firebase:firebase-database:20.0.5] AndroidManifest.xml:26:5-67
14-->[com.google.firebase:firebase-database:20.0.5] AndroidManifest.xml:26:22-64
15    <uses-permission android:name="android.permission.WAKE_LOCK" />
15-->[com.google.android.gms:play-services-measurement-api:21.0.0] AndroidManifest.xml:24:5-68
15-->[com.google.android.gms:play-services-measurement-api:21.0.0] AndroidManifest.xml:24:22-65
16    <uses-permission android:name="com.google.android.gms.permission.AD_ID" />
16-->[com.google.android.gms:play-services-measurement-api:21.0.0] AndroidManifest.xml:25:5-79
16-->[com.google.android.gms:play-services-measurement-api:21.0.0] AndroidManifest.xml:25:22-76
17    <uses-permission android:name="com.google.android.finsky.permission.BIND_GET_INSTALL_REFERRER_SERVICE" />
17-->[com.google.android.gms:play-services-measurement:21.0.0] AndroidManifest.xml:26:5-110
17-->[com.google.android.gms:play-services-measurement:21.0.0] AndroidManifest.xml:26:22-107
18
19    <application
19-->src/main/AndroidManifest.xml:5:5-64:19
20        android:name="com.queenieeq.mymoney.FirebaseHandler"
20-->src/main/AndroidManifest.xml:6:9-61
21        android:allowBackup="true"
21-->src/main/AndroidManifest.xml:7:9-35
22        android:appComponentFactory="androidx.core.app.CoreComponentFactory"
22-->[androidx.core:core:1.2.0] AndroidManifest.xml:24:18-86
23        android:debuggable="true"
24        android:icon="@mipmap/ic_launcher"
24-->src/main/AndroidManifest.xml:8:9-43
25        android:label="@string/app_name"
25-->src/main/AndroidManifest.xml:9:9-41
26        android:supportsRtl="true"
26-->src/main/AndroidManifest.xml:10:9-35
27        android:testOnly="true"
28        android:theme="@style/MaterialTheme" >
28-->src/main/AndroidManifest.xml:11:9-45
29        <activity android:name="com.queenieeq.mymoney.ui.signin.MainActivity" />
29-->src/main/AndroidManifest.xml:12:9-81
29-->src/main/AndroidManifest.xml:12:19-78
30        <activity
30-->src/main/AndroidManifest.xml:13:9-22:20
31            android:name="com.queenieeq.mymoney.ui.splash_screen.SplashScreenActivity"
31-->src/main/AndroidManifest.xml:14:13-87
32            android:theme="@style/MaterialTheme1" >
32-->src/main/AndroidManifest.xml:15:13-50
33            <intent-filter>
33-->src/main/AndroidManifest.xml:16:13-21:29
34                <action android:name="android.intent.action.MAIN" />
34-->src/main/AndroidManifest.xml:17:17-69
34-->src/main/AndroidManifest.xml:17:25-66
35                <action android:name="android.intent.action.VIEW" />
35-->src/main/AndroidManifest.xml:18:17-69
35-->src/main/AndroidManifest.xml:18:25-66
36
37                <category android:name="android.intent.category.LAUNCHER" />
37-->src/main/AndroidManifest.xml:20:17-77
37-->src/main/AndroidManifest.xml:20:27-74
38            </intent-filter>
39        </activity>
40        <activity
40-->src/main/AndroidManifest.xml:23:9-25:52
41            android:name="com.queenieeq.mymoney.ui.signin.SignInActivity"
41-->src/main/AndroidManifest.xml:24:13-74
42            android:screenOrientation="portrait" />
42-->src/main/AndroidManifest.xml:25:13-49
43        <activity
43-->src/main/AndroidManifest.xml:26:9-28:52
44            android:name="com.queenieeq.mymoney.ui.main.MainActivity"
44-->src/main/AndroidManifest.xml:27:13-70
45            android:screenOrientation="portrait" />
45-->src/main/AndroidManifest.xml:28:13-49
46        <activity
46-->src/main/AndroidManifest.xml:29:9-36:20
47            android:name="com.queenieeq.mymoney.ui.add_entry.AddWalletEntryActivity"
47-->src/main/AndroidManifest.xml:30:13-85
48            android:screenOrientation="portrait"
48-->src/main/AndroidManifest.xml:32:13-49
49            android:theme="@style/MaterialTheme1" >
49-->src/main/AndroidManifest.xml:31:13-50
50            <meta-data
50-->src/main/AndroidManifest.xml:33:13-35:78
51                android:name="android.support.PARENT_ACTIVITY"
51-->src/main/AndroidManifest.xml:34:17-63
52                android:value="com.queenieeq.mymoney.ui.main.MainActivity" />
52-->src/main/AndroidManifest.xml:35:17-75
53        </activity>
54        <activity
54-->src/main/AndroidManifest.xml:37:9-44:20
55            android:name="com.queenieeq.mymoney.ui.options.OptionsActivity"
55-->src/main/AndroidManifest.xml:38:13-76
56            android:screenOrientation="portrait"
56-->src/main/AndroidManifest.xml:40:13-49
57            android:theme="@style/MaterialTheme1" >
57-->src/main/AndroidManifest.xml:39:13-50
58            <meta-data
58-->src/main/AndroidManifest.xml:33:13-35:78
59                android:name="android.support.PARENT_ACTIVITY"
59-->src/main/AndroidManifest.xml:34:17-63
60                android:value="com.queenieeq.mymoney.ui.main.MainActivity" />
60-->src/main/AndroidManifest.xml:35:17-75
61        </activity>
62        <activity
62-->src/main/AndroidManifest.xml:45:9-51:20
63            android:name="com.queenieeq.mymoney.ui.main.history.edit_entry.EditWalletEntryActivity"
63-->src/main/AndroidManifest.xml:45:19-106
64            android:theme="@style/MaterialTheme1" >
64-->src/main/AndroidManifest.xml:46:13-50
65            <meta-data
65-->src/main/AndroidManifest.xml:33:13-35:78
66                android:name="android.support.PARENT_ACTIVITY"
66-->src/main/AndroidManifest.xml:34:17-63
67                android:value="com.queenieeq.mymoney.ui.main.MainActivity" />
67-->src/main/AndroidManifest.xml:35:17-75
68        </activity>
69        <activity
69-->src/main/AndroidManifest.xml:52:9-55:52
70            android:name="com.queenieeq.mymoney.ui.options.categories.CustomCategoriesActivity"
70-->src/main/AndroidManifest.xml:53:13-96
71            android:screenOrientation="portrait"
71-->src/main/AndroidManifest.xml:55:13-49
72            android:theme="@style/MaterialTheme1" />
72-->src/main/AndroidManifest.xml:54:13-50
73        <activity
73-->src/main/AndroidManifest.xml:56:9-59:52
74            android:name="com.queenieeq.mymoney.ui.options.categories.AddCustomCategoryActivity"
74-->src/main/AndroidManifest.xml:57:13-97
75            android:screenOrientation="portrait"
75-->src/main/AndroidManifest.xml:59:13-49
76            android:theme="@style/MaterialTheme1" />
76-->src/main/AndroidManifest.xml:58:13-50
77        <activity
77-->src/main/AndroidManifest.xml:60:9-63:52
78            android:name="com.queenieeq.mymoney.ui.options.categories.EditCustomCategoryActivity"
78-->src/main/AndroidManifest.xml:61:13-98
79            android:screenOrientation="portrait"
79-->src/main/AndroidManifest.xml:63:13-49
80            android:theme="@style/MaterialTheme1" />
80-->src/main/AndroidManifest.xml:62:13-50
81
82        <service
82-->[com.google.firebase:firebase-database:20.0.5] AndroidManifest.xml:29:9-35:19
83            android:name="com.google.firebase.components.ComponentDiscoveryService"
83-->[com.google.firebase:firebase-database:20.0.5] AndroidManifest.xml:30:13-84
84            android:directBootAware="true"
84-->[com.google.firebase:firebase-common:20.1.1] AndroidManifest.xml:35:13-43
85            android:exported="false" >
85-->[com.google.firebase:firebase-database:20.0.5] AndroidManifest.xml:31:13-37
86            <meta-data
86-->[com.google.firebase:firebase-database:20.0.5] AndroidManifest.xml:32:13-34:85
87                android:name="com.google.firebase.components:com.google.firebase.database.DatabaseRegistrar"
87-->[com.google.firebase:firebase-database:20.0.5] AndroidManifest.xml:33:17-109
88                android:value="com.google.firebase.components.ComponentRegistrar" />
88-->[com.google.firebase:firebase-database:20.0.5] AndroidManifest.xml:34:17-82
89            <meta-data
89-->[com.google.firebase:firebase-auth:21.0.5] AndroidManifest.xml:67:13-69:85
90                android:name="com.google.firebase.components:com.google.firebase.auth.FirebaseAuthRegistrar"
90-->[com.google.firebase:firebase-auth:21.0.5] AndroidManifest.xml:68:17-109
91                android:value="com.google.firebase.components.ComponentRegistrar" />
91-->[com.google.firebase:firebase-auth:21.0.5] AndroidManifest.xml:69:17-82
92            <meta-data
92-->[com.google.android.gms:play-services-measurement-api:21.0.0] AndroidManifest.xml:31:13-33:85
93                android:name="com.google.firebase.components:com.google.firebase.analytics.connector.internal.AnalyticsConnectorRegistrar"
93-->[com.google.android.gms:play-services-measurement-api:21.0.0] AndroidManifest.xml:32:17-139
94                android:value="com.google.firebase.components.ComponentRegistrar" />
94-->[com.google.android.gms:play-services-measurement-api:21.0.0] AndroidManifest.xml:33:17-82
95            <meta-data
95-->[com.google.firebase:firebase-installations:17.0.1] AndroidManifest.xml:18:13-20:85
96                android:name="com.google.firebase.components:com.google.firebase.installations.FirebaseInstallationsRegistrar"
96-->[com.google.firebase:firebase-installations:17.0.1] AndroidManifest.xml:19:17-127
97                android:value="com.google.firebase.components.ComponentRegistrar" />
97-->[com.google.firebase:firebase-installations:17.0.1] AndroidManifest.xml:20:17-82
98        </service>
99
100        <activity
100-->[com.google.firebase:firebase-auth:21.0.5] AndroidManifest.xml:27:9-44:20
101            android:name="com.google.firebase.auth.internal.GenericIdpActivity"
101-->[com.google.firebase:firebase-auth:21.0.5] AndroidManifest.xml:28:13-80
102            android:excludeFromRecents="true"
102-->[com.google.firebase:firebase-auth:21.0.5] AndroidManifest.xml:29:13-46
103            android:exported="true"
103-->[com.google.firebase:firebase-auth:21.0.5] AndroidManifest.xml:30:13-36
104            android:launchMode="singleTask"
104-->[com.google.firebase:firebase-auth:21.0.5] AndroidManifest.xml:31:13-44
105            android:theme="@android:style/Theme.Translucent.NoTitleBar" >
105-->[com.google.firebase:firebase-auth:21.0.5] AndroidManifest.xml:32:13-72
106            <intent-filter>
106-->[com.google.firebase:firebase-auth:21.0.5] AndroidManifest.xml:33:13-43:29
107                <action android:name="android.intent.action.VIEW" />
107-->src/main/AndroidManifest.xml:18:17-69
107-->src/main/AndroidManifest.xml:18:25-66
108
109                <category android:name="android.intent.category.DEFAULT" />
109-->[com.google.firebase:firebase-auth:21.0.5] AndroidManifest.xml:36:17-76
109-->[com.google.firebase:firebase-auth:21.0.5] AndroidManifest.xml:36:27-73
110                <category android:name="android.intent.category.BROWSABLE" />
110-->[com.google.firebase:firebase-auth:21.0.5] AndroidManifest.xml:37:17-78
110-->[com.google.firebase:firebase-auth:21.0.5] AndroidManifest.xml:37:27-75
111
112                <data
112-->[com.google.firebase:firebase-auth:21.0.5] AndroidManifest.xml:39:17-42:51
113                    android:host="firebase.auth"
113-->[com.google.firebase:firebase-auth:21.0.5] AndroidManifest.xml:40:21-49
114                    android:path="/"
114-->[com.google.firebase:firebase-auth:21.0.5] AndroidManifest.xml:41:21-37
115                    android:scheme="genericidp" />
115-->[com.google.firebase:firebase-auth:21.0.5] AndroidManifest.xml:42:21-48
116            </intent-filter>
117        </activity>
118        <activity
118-->[com.google.firebase:firebase-auth:21.0.5] AndroidManifest.xml:45:9-62:20
119            android:name="com.google.firebase.auth.internal.RecaptchaActivity"
119-->[com.google.firebase:firebase-auth:21.0.5] AndroidManifest.xml:46:13-79
120            android:excludeFromRecents="true"
120-->[com.google.firebase:firebase-auth:21.0.5] AndroidManifest.xml:47:13-46
121            android:exported="true"
121-->[com.google.firebase:firebase-auth:21.0.5] AndroidManifest.xml:48:13-36
122            android:launchMode="singleTask"
122-->[com.google.firebase:firebase-auth:21.0.5] AndroidManifest.xml:49:13-44
123            android:theme="@android:style/Theme.Translucent.NoTitleBar" >
123-->[com.google.firebase:firebase-auth:21.0.5] AndroidManifest.xml:50:13-72
124            <intent-filter>
124-->[com.google.firebase:firebase-auth:21.0.5] AndroidManifest.xml:51:13-61:29
125                <action android:name="android.intent.action.VIEW" />
125-->src/main/AndroidManifest.xml:18:17-69
125-->src/main/AndroidManifest.xml:18:25-66
126
127                <category android:name="android.intent.category.DEFAULT" />
127-->[com.google.firebase:firebase-auth:21.0.5] AndroidManifest.xml:36:17-76
127-->[com.google.firebase:firebase-auth:21.0.5] AndroidManifest.xml:36:27-73
128                <category android:name="android.intent.category.BROWSABLE" />
128-->[com.google.firebase:firebase-auth:21.0.5] AndroidManifest.xml:37:17-78
128-->[com.google.firebase:firebase-auth:21.0.5] AndroidManifest.xml:37:27-75
129
130                <data
130-->[com.google.firebase:firebase-auth:21.0.5] AndroidManifest.xml:39:17-42:51
131                    android:host="firebase.auth"
131-->[com.google.firebase:firebase-auth:21.0.5] AndroidManifest.xml:40:21-49
132                    android:path="/"
132-->[com.google.firebase:firebase-auth:21.0.5] AndroidManifest.xml:41:21-37
133                    android:scheme="recaptcha" />
133-->[com.google.firebase:firebase-auth:21.0.5] AndroidManifest.xml:42:21-48
134            </intent-filter>
135        </activity>
136        <activity
136-->[com.google.android.gms:play-services-auth:20.2.0] AndroidManifest.xml:23:9-27:75
137            android:name="com.google.android.gms.auth.api.signin.internal.SignInHubActivity"
137-->[com.google.android.gms:play-services-auth:20.2.0] AndroidManifest.xml:24:13-93
138            android:excludeFromRecents="true"
138-->[com.google.android.gms:play-services-auth:20.2.0] AndroidManifest.xml:25:13-46
139            android:exported="false"
139-->[com.google.android.gms:play-services-auth:20.2.0] AndroidManifest.xml:26:13-37
140            android:theme="@android:style/Theme.Translucent.NoTitleBar" />
140-->[com.google.android.gms:play-services-auth:20.2.0] AndroidManifest.xml:27:13-72
141        <!--
142            Service handling Google Sign-In user revocation. For apps that do not integrate with
143            Google Sign-In, this service will never be started.
144        -->
145        <service
145-->[com.google.android.gms:play-services-auth:20.2.0] AndroidManifest.xml:33:9-37:51
146            android:name="com.google.android.gms.auth.api.signin.RevocationBoundService"
146-->[com.google.android.gms:play-services-auth:20.2.0] AndroidManifest.xml:34:13-89
147            android:exported="true"
147-->[com.google.android.gms:play-services-auth:20.2.0] AndroidManifest.xml:35:13-36
148            android:permission="com.google.android.gms.auth.api.signin.permission.REVOCATION_NOTIFICATION"
148-->[com.google.android.gms:play-services-auth:20.2.0] AndroidManifest.xml:36:13-107
149            android:visibleToInstantApps="true" />
149-->[com.google.android.gms:play-services-auth:20.2.0] AndroidManifest.xml:37:13-48
150
151        <activity
151-->[com.google.android.gms:play-services-base:18.0.1] AndroidManifest.xml:20:9-22:45
152            android:name="com.google.android.gms.common.api.GoogleApiActivity"
152-->[com.google.android.gms:play-services-base:18.0.1] AndroidManifest.xml:20:19-85
153            android:exported="false"
153-->[com.google.android.gms:play-services-base:18.0.1] AndroidManifest.xml:22:19-43
154            android:theme="@android:style/Theme.Translucent.NoTitleBar" />
154-->[com.google.android.gms:play-services-base:18.0.1] AndroidManifest.xml:21:19-78
155
156        <provider
156-->[com.google.firebase:firebase-common:20.1.1] AndroidManifest.xml:26:9-31:39
157            android:name="com.google.firebase.provider.FirebaseInitProvider"
157-->[com.google.firebase:firebase-common:20.1.1] AndroidManifest.xml:27:13-77
158            android:authorities="com.queenieeq.mymoney.firebaseinitprovider"
158-->[com.google.firebase:firebase-common:20.1.1] AndroidManifest.xml:28:13-72
159            android:directBootAware="true"
159-->[com.google.firebase:firebase-common:20.1.1] AndroidManifest.xml:29:13-43
160            android:exported="false"
160-->[com.google.firebase:firebase-common:20.1.1] AndroidManifest.xml:30:13-37
161            android:initOrder="100" />
161-->[com.google.firebase:firebase-common:20.1.1] AndroidManifest.xml:31:13-36
162
163        <receiver
163-->[com.google.android.gms:play-services-measurement:21.0.0] AndroidManifest.xml:29:9-33:20
164            android:name="com.google.android.gms.measurement.AppMeasurementReceiver"
164-->[com.google.android.gms:play-services-measurement:21.0.0] AndroidManifest.xml:30:13-85
165            android:enabled="true"
165-->[com.google.android.gms:play-services-measurement:21.0.0] AndroidManifest.xml:31:13-35
166            android:exported="false" >
166-->[com.google.android.gms:play-services-measurement:21.0.0] AndroidManifest.xml:32:13-37
167        </receiver>
168
169        <service
169-->[com.google.android.gms:play-services-measurement:21.0.0] AndroidManifest.xml:35:9-38:40
170            android:name="com.google.android.gms.measurement.AppMeasurementService"
170-->[com.google.android.gms:play-services-measurement:21.0.0] AndroidManifest.xml:36:13-84
171            android:enabled="true"
171-->[com.google.android.gms:play-services-measurement:21.0.0] AndroidManifest.xml:37:13-35
172            android:exported="false" />
172-->[com.google.android.gms:play-services-measurement:21.0.0] AndroidManifest.xml:38:13-37
173        <service
173-->[com.google.android.gms:play-services-measurement:21.0.0] AndroidManifest.xml:39:9-43:72
174            android:name="com.google.android.gms.measurement.AppMeasurementJobService"
174-->[com.google.android.gms:play-services-measurement:21.0.0] AndroidManifest.xml:40:13-87
175            android:enabled="true"
175-->[com.google.android.gms:play-services-measurement:21.0.0] AndroidManifest.xml:41:13-35
176            android:exported="false"
176-->[com.google.android.gms:play-services-measurement:21.0.0] AndroidManifest.xml:42:13-37
177            android:permission="android.permission.BIND_JOB_SERVICE" />
177-->[com.google.android.gms:play-services-measurement:21.0.0] AndroidManifest.xml:43:13-69
178
179        <meta-data
179-->[com.google.android.gms:play-services-basement:18.0.0] AndroidManifest.xml:21:9-23:69
180            android:name="com.google.android.gms.version"
180-->[com.google.android.gms:play-services-basement:18.0.0] AndroidManifest.xml:22:13-58
181            android:value="@integer/google_play_services_version" />
181-->[com.google.android.gms:play-services-basement:18.0.0] AndroidManifest.xml:23:13-66
182
183        <provider
183-->[androidx.lifecycle:lifecycle-process:2.0.0] AndroidManifest.xml:23:9-27:43
184            android:name="androidx.lifecycle.ProcessLifecycleOwnerInitializer"
184-->[androidx.lifecycle:lifecycle-process:2.0.0] AndroidManifest.xml:24:13-79
185            android:authorities="com.queenieeq.mymoney.lifecycle-process"
185-->[androidx.lifecycle:lifecycle-process:2.0.0] AndroidManifest.xml:25:13-69
186            android:exported="false"
186-->[androidx.lifecycle:lifecycle-process:2.0.0] AndroidManifest.xml:26:13-37
187            android:multiprocess="true" />
187-->[androidx.lifecycle:lifecycle-process:2.0.0] AndroidManifest.xml:27:13-40
188    </application>
189
190</manifest>